<?xml version="1.0" encoding="UTF-8"?>
<testng-results skipped="0" failed="0" ignored="0" total="1" passed="1">
  <reporter-output>
  </reporter-output>
  <suite name="Default suite" duration-ms="1799" started-at="2018-11-29T06:02:58Z" finished-at="2018-11-29T06:03:00Z">
    <groups>
    </groups>
    <test name="Default test" duration-ms="1799" started-at="2018-11-29T06:02:58Z" finished-at="2018-11-29T06:03:00Z">
      <class name="ArraysWithJSONParser">
        <test-method status="PASS" signature="BeforeAnyTest()[pri:0, instance:ArraysWithJSONParser@1ce92674]" name="BeforeAnyTest" is-config="true" duration-ms="583" started-at="2018-11-29T06:02:58Z" finished-at="2018-11-29T06:02:58Z">
          <reporter-output>
          </reporter-output>
        </test-method> <!-- BeforeAnyTest -->
        <test-method status="PASS" signature="Test1()[pri:0, instance:ArraysWithJSONParser@1ce92674]" name="Test1" duration-ms="1205" started-at="2018-11-29T06:02:58Z" finished-at="2018-11-29T06:03:00Z">
          <reporter-output>
          </reporter-output>
        </test-method> <!-- Test1 -->
      </class> <!-- ArraysWithJSONParser -->
    </test> <!-- Default test -->
  </suite> <!-- Default suite -->
</testng-results>
