<?xml version="1.0" encoding="UTF-8"?>
<testng-results skipped="0" failed="0" ignored="0" total="1" passed="1">
  <reporter-output>
  </reporter-output>
  <suite name="Default suite" duration-ms="2304" started-at="2018-11-29T11:39:49Z" finished-at="2018-11-29T11:39:51Z">
    <groups>
    </groups>
    <test name="Default test" duration-ms="2304" started-at="2018-11-29T11:39:49Z" finished-at="2018-11-29T11:39:51Z">
      <class name="com.qa.tests.GetAPITest">
        <test-method status="PASS" signature="setUp()[pri:0, instance:com.qa.tests.GetAPITest@26653222]" name="setUp" is-config="true" duration-ms="5" started-at="2018-11-29T11:39:49Z" finished-at="2018-11-29T11:39:49Z">
          <reporter-output>
          </reporter-output>
        </test-method> <!-- setUp -->
        <test-method status="PASS" signature="getAPITestWithoutHeaders()[pri:1, instance:com.qa.tests.GetAPITest@26653222]" name="getAPITestWithoutHeaders" duration-ms="2282" started-at="2018-11-29T11:39:49Z" finished-at="2018-11-29T11:39:51Z">
          <reporter-output>
          </reporter-output>
        </test-method> <!-- getAPITestWithoutHeaders -->
      </class> <!-- com.qa.tests.GetAPITest -->
    </test> <!-- Default test -->
  </suite> <!-- Default suite -->
</testng-results>
